#
# There is insufficient memory for the Java Runtime Environment to continue.
# Native memory allocation (malloc) failed to allocate 256976 bytes for Chunk::new
# Possible reasons:
#   The system is out of physical RAM or swap space
#   The process is running with CompressedOops enabled, and the Java Heap may be blocking the growth of the native heap
# Possible solutions:
#   Reduce memory load on the system
#   Increase physical memory or swap space
#   Check if swap backing store is full
#   Decrease Java heap size (-Xmx/-Xms)
#   Decrease number of Java threads
#   Decrease Java thread stack sizes (-Xss)
#   Set larger code cache with -XX:ReservedCodeCacheSize=
#   JVM is running with Unscaled Compressed Oops mode in which the Java heap is
#     placed in the first 4GB address space. The Java Heap base address is the
#     maximum limit for the native heap growth. Please use -XX:HeapBaseMinAddress
#     to set the Java Heap base and to place the Java Heap above 4GB virtual address.
# This output file may be truncated or incomplete.
#
#  Out of Memory Error (arena.cpp:189), pid=5836, tid=15308
#
# JRE version: OpenJDK Runtime Environment JBR-17.0.6+1-653.34-jcef (17.0.6+1) (build 17.0.6+1-b653.34)
# Java VM: OpenJDK 64-Bit Server VM JBR-17.0.6+1-653.34-jcef (17.0.6+1-b653.34, mixed mode, tiered, compressed oops, compressed class ptrs, g1 gc, windows-amd64)
# No core dump will be written. Minidumps are not enabled by default on client versions of Windows
#

---------------  S U M M A R Y ------------

Command Line: git4idea.http.GitAskPassApp Password for 'https://princeprakhar@github.com': 

Host: 11th Gen Intel(R) Core(TM) i3-1115G4 @ 3.00GHz, 4 cores, 7G,  Windows 11 , 64 bit Build 23555 (10.0.23555.1000)
Time: Mon Oct  2 00:08:31 2023 India Standard Time elapsed time: 0.213059 seconds (0d 0h 0m 0s)

---------------  T H R E A D  ---------------

Current thread (0x000001be48c43010):  JavaThread "C2 CompilerThread0" daemon [_thread_in_native, id=15308, stack(0x000000445b300000,0x000000445b400000)]


Current CompileTask:
C2:    213  112 %     4       java.util.zip.ZipFile$Source::initCEN @ 240 (591 bytes)

Stack: [0x000000445b300000,0x000000445b400000]
Native frames: (J=compiled Java code, j=interpreted, Vv=VM code, C=native code)
V  [jvm.dll+0x683b4a]
V  [jvm.dll+0x842654]
V  [jvm.dll+0x843dfe]
V  [jvm.dll+0x844463]
V  [jvm.dll+0x249b75]
V  [jvm.dll+0xabcac]
V  [jvm.dll+0xac27c]
V  [jvm.dll+0x368857]
V  [jvm.dll+0x1bd0b8]
V  [jvm.dll+0x21c359]
V  [jvm.dll+0x21b621]
V  [jvm.dll+0x1a4fdd]
V  [jvm.dll+0x22b098]
V  [jvm.dll+0x229159]
V  [jvm.dll+0x7f809c]
V  [jvm.dll+0x7f25fa]
V  [jvm.dll+0x682985]
C  [ucrtbase.dll+0x29363]
C  [KERNEL32.DLL+0x1257d]
C  [ntdll.dll+0x5aa78]


---------------  P R O C E S S  ---------------

Threads class SMR info:
_java_thread_list=0x000001be48d834a0, length=12, elements={
0x000001be2ccce1e0, 0x000001be48173d70, 0x000001be48174720, 0x000001be48c297a0,
0x000001be48c2a060, 0x000001be48c2ca20, 0x000001be48c2d3d0, 0x000001be48c43010,
0x000001be48c43610, 0x000001be48c4c7d0, 0x000001be48dab770, 0x000001be48dabc40
}

Java Threads: ( => current thread )
  0x000001be2ccce1e0 JavaThread "main" [_thread_in_Java, id=12520, stack(0x000000445a600000,0x000000445a700000)]
  0x000001be48173d70 JavaThread "Reference Handler" daemon [_thread_blocked, id=2336, stack(0x000000445ad00000,0x000000445ae00000)]
  0x000001be48174720 JavaThread "Finalizer" daemon [_thread_blocked, id=11784, stack(0x000000445ae00000,0x000000445af00000)]
  0x000001be48c297a0 JavaThread "Signal Dispatcher" daemon [_thread_blocked, id=12080, stack(0x000000445af00000,0x000000445b000000)]
  0x000001be48c2a060 JavaThread "Attach Listener" daemon [_thread_blocked, id=19452, stack(0x000000445b000000,0x000000445b100000)]
  0x000001be48c2ca20 JavaThread "Service Thread" daemon [_thread_blocked, id=18848, stack(0x000000445b100000,0x000000445b200000)]
  0x000001be48c2d3d0 JavaThread "Monitor Deflation Thread" daemon [_thread_blocked, id=4388, stack(0x000000445b200000,0x000000445b300000)]
=>0x000001be48c43010 JavaThread "C2 CompilerThread0" daemon [_thread_in_native, id=15308, stack(0x000000445b300000,0x000000445b400000)]
  0x000001be48c43610 JavaThread "C1 CompilerThread0" daemon [_thread_blocked, id=13200, stack(0x000000445b400000,0x000000445b500000)]
  0x000001be48c4c7d0 JavaThread "Sweeper thread" daemon [_thread_blocked, id=5504, stack(0x000000445b500000,0x000000445b600000)]
  0x000001be48dab770 JavaThread "Notification Thread" daemon [_thread_blocked, id=17692, stack(0x000000445b600000,0x000000445b700000)]
  0x000001be48dabc40 JavaThread "Common-Cleaner" daemon [_thread_blocked, id=18876, stack(0x000000445b800000,0x000000445b900000)]

Other Threads:
  0x000001be48117cb0 VMThread "VM Thread" [stack: 0x000000445ac00000,0x000000445ad00000] [id=8692]
  0x000001be2cd48bd0 WatcherThread [stack: 0x000000445b700000,0x000000445b800000] [id=2308]
  0x000001be2cd26500 GCTaskThread "GC Thread#0" [stack: 0x000000445a700000,0x000000445a800000] [id=10676]
  0x000001be2cd36940 ConcurrentGCThread "G1 Main Marker" [stack: 0x000000445a800000,0x000000445a900000] [id=17204]
  0x000001be2cd37350 ConcurrentGCThread "G1 Conc#0" [stack: 0x000000445a900000,0x000000445aa00000] [id=18644]
  0x000001be2cd8e740 ConcurrentGCThread "G1 Refine#0" [stack: 0x000000445aa00000,0x000000445ab00000] [id=13788]
  0x000001be47fb2300 ConcurrentGCThread "G1 Service" [stack: 0x000000445ab00000,0x000000445ac00000] [id=15484]

Threads with active compile tasks:
C2 CompilerThread0      235  112 %     4       java.util.zip.ZipFile$Source::initCEN @ 240 (591 bytes)

VM state: not at safepoint (normal execution)

VM Mutex/Monitor currently owned by a thread: None

Heap address: 0x0000000085800000, size: 1960 MB, Compressed Oops mode: 32-bit

CDS archive(s) not mapped
Compressed class space mapped at: 0x0000000100000000-0x0000000140000000, reserved size: 1073741824
Narrow klass base: 0x0000000000000000, Narrow klass shift: 3, Narrow klass range: 0x140000000

GC Precious Log:
 CPUs: 4 total, 4 available
 Memory: 7834M
 Large Page Support: Disabled
 NUMA Support: Disabled
 Compressed Oops: Enabled (32-bit)
 Heap Region Size: 1M
 Heap Min Capacity: 8M
 Heap Initial Capacity: 124M
 Heap Max Capacity: 1960M
 Pre-touch: Disabled
 Parallel Workers: 4
 Concurrent Workers: 1
 Concurrent Refinement Workers: 4
 Periodic GC: Disabled

Heap:
 garbage-first heap   total 126976K, used 15360K [0x0000000085800000, 0x0000000100000000)
  region size 1024K, 2 young (2048K), 0 survivors (0K)
 Metaspace       used 6240K, committed 6336K, reserved 1056768K
  class space    used 531K, committed 576K, reserved 1048576K

Heap Regions: E=young(eden), S=young(survivor), O=old, HS=humongous(starts), HC=humongous(continues), CS=collection set, F=free, OA=open archive, CA=closed archive, TAMS=top-at-mark-start (previous, next)
|   0|0x0000000085800000, 0x0000000085900000, 0x0000000085900000|100%|HS|  |TAMS 0x0000000085800000, 0x0000000085800000| Complete 
|   1|0x0000000085900000, 0x0000000085a00000, 0x0000000085a00000|100%|HC|  |TAMS 0x0000000085900000, 0x0000000085900000| Complete 
|   2|0x0000000085a00000, 0x0000000085b00000, 0x0000000085b00000|100%|HC|  |TAMS 0x0000000085a00000, 0x0000000085a00000| Complete 
|   3|0x0000000085b00000, 0x0000000085c00000, 0x0000000085c00000|100%|HC|  |TAMS 0x0000000085b00000, 0x0000000085b00000| Complete 
|   4|0x0000000085c00000, 0x0000000085d00000, 0x0000000085d00000|100%|HC|  |TAMS 0x0000000085c00000, 0x0000000085c00000| Complete 
|   5|0x0000000085d00000, 0x0000000085e00000, 0x0000000085e00000|100%|HC|  |TAMS 0x0000000085d00000, 0x0000000085d00000| Complete 
|   6|0x0000000085e00000, 0x0000000085f00000, 0x0000000085f00000|100%|HC|  |TAMS 0x0000000085e00000, 0x0000000085e00000| Complete 
|   7|0x0000000085f00000, 0x0000000086000000, 0x0000000086000000|100%|HC|  |TAMS 0x0000000085f00000, 0x0000000085f00000| Complete 
|   8|0x0000000086000000, 0x0000000086100000, 0x0000000086100000|100%|HC|  |TAMS 0x0000000086000000, 0x0000000086000000| Complete 
|   9|0x0000000086100000, 0x0000000086200000, 0x0000000086200000|100%|HC|  |TAMS 0x0000000086100000, 0x0000000086100000| Complete 
|  10|0x0000000086200000, 0x0000000086300000, 0x0000000086300000|100%|HC|  |TAMS 0x0000000086200000, 0x0000000086200000| Complete 
|  11|0x0000000086300000, 0x0000000086400000, 0x0000000086400000|100%|HC|  |TAMS 0x0000000086300000, 0x0000000086300000| Complete 
|  12|0x0000000086400000, 0x0000000086500000, 0x0000000086500000|100%|HS|  |TAMS 0x0000000086400000, 0x0000000086400000| Complete 
|  13|0x0000000086500000, 0x0000000086600000, 0x0000000086600000|100%|HC|  |TAMS 0x0000000086500000, 0x0000000086500000| Complete 
|  14|0x0000000086600000, 0x0000000086600000, 0x0000000086700000|  0%| F|  |TAMS 0x0000000086600000, 0x0000000086600000| Untracked 
|  15|0x0000000086700000, 0x0000000086700000, 0x0000000086800000|  0%| F|  |TAMS 0x0000000086700000, 0x0000000086700000| Untracked 
|  16|0x0000000086800000, 0x0000000086800000, 0x0000000086900000|  0%| F|  |TAMS 0x0000000086800000, 0x0000000086800000| Untracked 
|  17|0x0000000086900000, 0x0000000086900000, 0x0000000086a00000|  0%| F|  |TAMS 0x0000000086900000, 0x0000000086900000| Untracked 
|  18|0x0000000086a00000, 0x0000000086a00000, 0x0000000086b00000|  0%| F|  |TAMS 0x0000000086a00000, 0x0000000086a00000| Untracked 
|  19|0x0000000086b00000, 0x0000000086b00000, 0x0000000086c00000|  0%| F|  |TAMS 0x0000000086b00000, 0x0000000086b00000| Untracked 
|  20|0x0000000086c00000, 0x0000000086c00000, 0x0000000086d00000|  0%| F|  |TAMS 0x0000000086c00000, 0x0000000086c00000| Untracked 
|  21|0x0000000086d00000, 0x0000000086d00000, 0x0000000086e00000|  0%| F|  |TAMS 0x0000000086d00000, 0x0000000086d00000| Untracked 
|  22|0x0000000086e00000, 0x0000000086e00000, 0x0000000086f00000|  0%| F|  |TAMS 0x0000000086e00000, 0x0000000086e00000| Untracked 
|  23|0x0000000086f00000, 0x0000000086f00000, 0x0000000087000000|  0%| F|  |TAMS 0x0000000086f00000, 0x0000000086f00000| Untracked 
|  24|0x0000000087000000, 0x0000000087000000, 0x0000000087100000|  0%| F|  |TAMS 0x0000000087000000, 0x0000000087000000| Untracked 
|  25|0x0000000087100000, 0x0000000087100000, 0x0000000087200000|  0%| F|  |TAMS 0x0000000087100000, 0x0000000087100000| Untracked 
|  26|0x0000000087200000, 0x0000000087200000, 0x0000000087300000|  0%| F|  |TAMS 0x0000000087200000, 0x0000000087200000| Untracked 
|  27|0x0000000087300000, 0x0000000087300000, 0x0000000087400000|  0%| F|  |TAMS 0x0000000087300000, 0x0000000087300000| Untracked 
|  28|0x0000000087400000, 0x0000000087400000, 0x0000000087500000|  0%| F|  |TAMS 0x0000000087400000, 0x0000000087400000| Untracked 
|  29|0x0000000087500000, 0x0000000087500000, 0x0000000087600000|  0%| F|  |TAMS 0x0000000087500000, 0x0000000087500000| Untracked 
|  30|0x0000000087600000, 0x0000000087600000, 0x0000000087700000|  0%| F|  |TAMS 0x0000000087600000, 0x0000000087600000| Untracked 
|  31|0x0000000087700000, 0x0000000087700000, 0x0000000087800000|  0%| F|  |TAMS 0x0000000087700000, 0x0000000087700000| Untracked 
|  32|0x0000000087800000, 0x0000000087800000, 0x0000000087900000|  0%| F|  |TAMS 0x0000000087800000, 0x0000000087800000| Untracked 
|  33|0x0000000087900000, 0x0000000087900000, 0x0000000087a00000|  0%| F|  |TAMS 0x0000000087900000, 0x0000000087900000| Untracked 
|  34|0x0000000087a00000, 0x0000000087a00000, 0x0000000087b00000|  0%| F|  |TAMS 0x0000000087a00000, 0x0000000087a00000| Untracked 
|  35|0x0000000087b00000, 0x0000000087b00000, 0x0000000087c00000|  0%| F|  |TAMS 0x0000000087b00000, 0x0000000087b00000| Untracked 
|  36|0x0000000087c00000, 0x0000000087c00000, 0x0000000087d00000|  0%| F|  |TAMS 0x0000000087c00000, 0x0000000087c00000| Untracked 
|  37|0x0000000087d00000, 0x0000000087d00000, 0x0000000087e00000|  0%| F|  |TAMS 0x0000000087d00000, 0x0000000087d00000| Untracked 
|  38|0x0000000087e00000, 0x0000000087e00000, 0x0000000087f00000|  0%| F|  |TAMS 0x0000000087e00000, 0x0000000087e00000| Untracked 
|  39|0x0000000087f00000, 0x0000000087f00000, 0x0000000088000000|  0%| F|  |TAMS 0x0000000087f00000, 0x0000000087f00000| Untracked 
|  40|0x0000000088000000, 0x0000000088000000, 0x0000000088100000|  0%| F|  |TAMS 0x0000000088000000, 0x0000000088000000| Untracked 
|  41|0x0000000088100000, 0x0000000088100000, 0x0000000088200000|  0%| F|  |TAMS 0x0000000088100000, 0x0000000088100000| Untracked 
|  42|0x0000000088200000, 0x0000000088200000, 0x0000000088300000|  0%| F|  |TAMS 0x0000000088200000, 0x0000000088200000| Untracked 
|  43|0x0000000088300000, 0x0000000088300000, 0x0000000088400000|  0%| F|  |TAMS 0x0000000088300000, 0x0000000088300000| Untracked 
|  44|0x0000000088400000, 0x0000000088400000, 0x0000000088500000|  0%| F|  |TAMS 0x0000000088400000, 0x0000000088400000| Untracked 
|  45|0x0000000088500000, 0x0000000088500000, 0x0000000088600000|  0%| F|  |TAMS 0x0000000088500000, 0x0000000088500000| Untracked 
|  46|0x0000000088600000, 0x0000000088600000, 0x0000000088700000|  0%| F|  |TAMS 0x0000000088600000, 0x0000000088600000| Untracked 
|  47|0x0000000088700000, 0x0000000088700000, 0x0000000088800000|  0%| F|  |TAMS 0x0000000088700000, 0x0000000088700000| Untracked 
|  48|0x0000000088800000, 0x0000000088800000, 0x0000000088900000|  0%| F|  |TAMS 0x0000000088800000, 0x0000000088800000| Untracked 
|  49|0x0000000088900000, 0x0000000088900000, 0x0000000088a00000|  0%| F|  |TAMS 0x0000000088900000, 0x0000000088900000| Untracked 
|  50|0x0000000088a00000, 0x0000000088a00000, 0x0000000088b00000|  0%| F|  |TAMS 0x0000000088a00000, 0x0000000088a00000| Untracked 
|  51|0x0000000088b00000, 0x0000000088b00000, 0x0000000088c00000|  0%| F|  |TAMS 0x0000000088b00000, 0x0000000088b00000| Untracked 
|  52|0x0000000088c00000, 0x0000000088c00000, 0x0000000088d00000|  0%| F|  |TAMS 0x0000000088c00000, 0x0000000088c00000| Untracked 
|  53|0x0000000088d00000, 0x0000000088d00000, 0x0000000088e00000|  0%| F|  |TAMS 0x0000000088d00000, 0x0000000088d00000| Untracked 
|  54|0x0000000088e00000, 0x0000000088e00000, 0x0000000088f00000|  0%| F|  |TAMS 0x0000000088e00000, 0x0000000088e00000| Untracked 
|  55|0x0000000088f00000, 0x0000000088f00000, 0x0000000089000000|  0%| F|  |TAMS 0x0000000088f00000, 0x0000000088f00000| Untracked 
|  56|0x0000000089000000, 0x0000000089000000, 0x0000000089100000|  0%| F|  |TAMS 0x0000000089000000, 0x0000000089000000| Untracked 
|  57|0x0000000089100000, 0x0000000089100000, 0x0000000089200000|  0%| F|  |TAMS 0x0000000089100000, 0x0000000089100000| Untracked 
|  58|0x0000000089200000, 0x0000000089200000, 0x0000000089300000|  0%| F|  |TAMS 0x0000000089200000, 0x0000000089200000| Untracked 
|  59|0x0000000089300000, 0x0000000089300000, 0x0000000089400000|  0%| F|  |TAMS 0x0000000089300000, 0x0000000089300000| Untracked 
|  60|0x0000000089400000, 0x0000000089400000, 0x0000000089500000|  0%| F|  |TAMS 0x0000000089400000, 0x0000000089400000| Untracked 
|  61|0x0000000089500000, 0x0000000089500000, 0x0000000089600000|  0%| F|  |TAMS 0x0000000089500000, 0x0000000089500000| Untracked 
|  62|0x0000000089600000, 0x0000000089600000, 0x0000000089700000|  0%| F|  |TAMS 0x0000000089600000, 0x0000000089600000| Untracked 
|  63|0x0000000089700000, 0x0000000089700000, 0x0000000089800000|  0%| F|  |TAMS 0x0000000089700000, 0x0000000089700000| Untracked 
|  64|0x0000000089800000, 0x0000000089800000, 0x0000000089900000|  0%| F|  |TAMS 0x0000000089800000, 0x0000000089800000| Untracked 
|  65|0x0000000089900000, 0x0000000089900000, 0x0000000089a00000|  0%| F|  |TAMS 0x0000000089900000, 0x0000000089900000| Untracked 
|  66|0x0000000089a00000, 0x0000000089a00000, 0x0000000089b00000|  0%| F|  |TAMS 0x0000000089a00000, 0x0000000089a00000| Untracked 
|  67|0x0000000089b00000, 0x0000000089b00000, 0x0000000089c00000|  0%| F|  |TAMS 0x0000000089b00000, 0x0000000089b00000| Untracked 
|  68|0x0000000089c00000, 0x0000000089c00000, 0x0000000089d00000|  0%| F|  |TAMS 0x0000000089c00000, 0x0000000089c00000| Untracked 
|  69|0x0000000089d00000, 0x0000000089d00000, 0x0000000089e00000|  0%| F|  |TAMS 0x0000000089d00000, 0x0000000089d00000| Untracked 
|  70|0x0000000089e00000, 0x0000000089e00000, 0x0000000089f00000|  0%| F|  |TAMS 0x0000000089e00000, 0x0000000089e00000| Untracked 
|  71|0x0000000089f00000, 0x0000000089f00000, 0x000000008a000000|  0%| F|  |TAMS 0x0000000089f00000, 0x0000000089f00000| Untracked 
|  72|0x000000008a000000, 0x000000008a000000, 0x000000008a100000|  0%| F|  |TAMS 0x000000008a000000, 0x000000008a000000| Untracked 
|  73|0x000000008a100000, 0x000000008a100000, 0x000000008a200000|  0%| F|  |TAMS 0x000000008a100000, 0x000000008a100000| Untracked 
|  74|0x000000008a200000, 0x000000008a200000, 0x000000008a300000|  0%| F|  |TAMS 0x000000008a200000, 0x000000008a200000| Untracked 
|  75|0x000000008a300000, 0x000000008a300000, 0x000000008a400000|  0%| F|  |TAMS 0x000000008a300000, 0x000000008a300000| Untracked 
|  76|0x000000008a400000, 0x000000008a400000, 0x000000008a500000|  0%| F|  |TAMS 0x000000008a400000, 0x000000008a400000| Untracked 
|  77|0x000000008a500000, 0x000000008a500000, 0x000000008a600000|  0%| F|  |TAMS 0x000000008a500000, 0x000000008a500000| Untracked 
|  78|0x000000008a600000, 0x000000008a600000, 0x000000008a700000|  0%| F|  |TAMS 0x000000008a600000, 0x000000008a600000| Untracked 
|  79|0x000000008a700000, 0x000000008a700000, 0x000000008a800000|  0%| F|  |TAMS 0x000000008a700000, 0x000000008a700000| Untracked 
|  80|0x000000008a800000, 0x000000008a800000, 0x000000008a900000|  0%| F|  |TAMS 0x000000008a800000, 0x000000008a800000| Untracked 
|  81|0x000000008a900000, 0x000000008a900000, 0x000000008aa00000|  0%| F|  |TAMS 0x000000008a900000, 0x000000008a900000| Untracked 
|  82|0x000000008aa00000, 0x000000008aa00000, 0x000000008ab00000|  0%| F|  |TAMS 0x000000008aa00000, 0x000000008aa00000| Untracked 
|  83|0x000000008ab00000, 0x000000008ab00000, 0x000000008ac00000|  0%| F|  |TAMS 0x000000008ab00000, 0x000000008ab00000| Untracked 
|  84|0x000000008ac00000, 0x000000008ac00000, 0x000000008ad00000|  0%| F|  |TAMS 0x000000008ac00000, 0x000000008ac00000| Untracked 
|  85|0x000000008ad00000, 0x000000008ad00000, 0x000000008ae00000|  0%| F|  |TAMS 0x000000008ad00000, 0x000000008ad00000| Untracked 
|  86|0x000000008ae00000, 0x000000008ae00000, 0x000000008af00000|  0%| F|  |TAMS 0x000000008ae00000, 0x000000008ae00000| Untracked 
|  87|0x000000008af00000, 0x000000008af00000, 0x000000008b000000|  0%| F|  |TAMS 0x000000008af00000, 0x000000008af00000| Untracked 
|  88|0x000000008b000000, 0x000000008b000000, 0x000000008b100000|  0%| F|  |TAMS 0x000000008b000000, 0x000000008b000000| Untracked 
|  89|0x000000008b100000, 0x000000008b100000, 0x000000008b200000|  0%| F|  |TAMS 0x000000008b100000, 0x000000008b100000| Untracked 
|  90|0x000000008b200000, 0x000000008b200000, 0x000000008b300000|  0%| F|  |TAMS 0x000000008b200000, 0x000000008b200000| Untracked 
|  91|0x000000008b300000, 0x000000008b300000, 0x000000008b400000|  0%| F|  |TAMS 0x000000008b300000, 0x000000008b300000| Untracked 
|  92|0x000000008b400000, 0x000000008b400000, 0x000000008b500000|  0%| F|  |TAMS 0x000000008b400000, 0x000000008b400000| Untracked 
|  93|0x000000008b500000, 0x000000008b500000, 0x000000008b600000|  0%| F|  |TAMS 0x000000008b500000, 0x000000008b500000| Untracked 
|  94|0x000000008b600000, 0x000000008b600000, 0x000000008b700000|  0%| F|  |TAMS 0x000000008b600000, 0x000000008b600000| Untracked 
|  95|0x000000008b700000, 0x000000008b700000, 0x000000008b800000|  0%| F|  |TAMS 0x000000008b700000, 0x000000008b700000| Untracked 
|  96|0x000000008b800000, 0x000000008b800000, 0x000000008b900000|  0%| F|  |TAMS 0x000000008b800000, 0x000000008b800000| Untracked 
|  97|0x000000008b900000, 0x000000008b900000, 0x000000008ba00000|  0%| F|  |TAMS 0x000000008b900000, 0x000000008b900000| Untracked 
|  98|0x000000008ba00000, 0x000000008ba00000, 0x000000008bb00000|  0%| F|  |TAMS 0x000000008ba00000, 0x000000008ba00000| Untracked 
|  99|0x000000008bb00000, 0x000000008bb00000, 0x000000008bc00000|  0%| F|  |TAMS 0x000000008bb00000, 0x000000008bb00000| Untracked 
| 100|0x000000008bc00000, 0x000000008bc00000, 0x000000008bd00000|  0%| F|  |TAMS 0x000000008bc00000, 0x000000008bc00000| Untracked 
| 101|0x000000008bd00000, 0x000000008bd00000, 0x000000008be00000|  0%| F|  |TAMS 0x000000008bd00000, 0x000000008bd00000| Untracked 
| 102|0x000000008be00000, 0x000000008be00000, 0x000000008bf00000|  0%| F|  |TAMS 0x000000008be00000, 0x000000008be00000| Untracked 
| 103|0x000000008bf00000, 0x000000008bf00000, 0x000000008c000000|  0%| F|  |TAMS 0x000000008bf00000, 0x000000008bf00000| Untracked 
| 104|0x000000008c000000, 0x000000008c000000, 0x000000008c100000|  0%| F|  |TAMS 0x000000008c000000, 0x000000008c000000| Untracked 
| 105|0x000000008c100000, 0x000000008c100000, 0x000000008c200000|  0%| F|  |TAMS 0x000000008c100000, 0x000000008c100000| Untracked 
| 106|0x000000008c200000, 0x000000008c200000, 0x000000008c300000|  0%| F|  |TAMS 0x000000008c200000, 0x000000008c200000| Untracked 
| 107|0x000000008c300000, 0x000000008c300000, 0x000000008c400000|  0%| F|  |TAMS 0x000000008c300000, 0x000000008c300000| Untracked 
| 108|0x000000008c400000, 0x000000008c400000, 0x000000008c500000|  0%| F|  |TAMS 0x000000008c400000, 0x000000008c400000| Untracked 
| 109|0x000000008c500000, 0x000000008c500000, 0x000000008c600000|  0%| F|  |TAMS 0x000000008c500000, 0x000000008c500000| Untracked 
| 110|0x000000008c600000, 0x000000008c600000, 0x000000008c700000|  0%| F|  |TAMS 0x000000008c600000, 0x000000008c600000| Untracked 
| 111|0x000000008c700000, 0x000000008c700000, 0x000000008c800000|  0%| F|  |TAMS 0x000000008c700000, 0x000000008c700000| Untracked 
| 112|0x000000008c800000, 0x000000008c800000, 0x000000008c900000|  0%| F|  |TAMS 0x000000008c800000, 0x000000008c800000| Untracked 
| 113|0x000000008c900000, 0x000000008c900000, 0x000000008ca00000|  0%| F|  |TAMS 0x000000008c900000, 0x000000008c900000| Untracked 
| 114|0x000000008ca00000, 0x000000008ca00000, 0x000000008cb00000|  0%| F|  |TAMS 0x000000008ca00000, 0x000000008ca00000| Untracked 
| 115|0x000000008cb00000, 0x000000008cb00000, 0x000000008cc00000|  0%| F|  |TAMS 0x000000008cb00000, 0x000000008cb00000| Untracked 
| 116|0x000000008cc00000, 0x000000008cc00000, 0x000000008cd00000|  0%| F|  |TAMS 0x000000008cc00000, 0x000000008cc00000| Untracked 
| 117|0x000000008cd00000, 0x000000008cd00000, 0x000000008ce00000|  0%| F|  |TAMS 0x000000008cd00000, 0x000000008cd00000| Untracked 
| 118|0x000000008ce00000, 0x000000008ce00000, 0x000000008cf00000|  0%| F|  |TAMS 0x000000008ce00000, 0x000000008ce00000| Untracked 
| 119|0x000000008cf00000, 0x000000008cf00000, 0x000000008d000000|  0%| F|  |TAMS 0x000000008cf00000, 0x000000008cf00000| Untracked 
| 120|0x000000008d000000, 0x000000008d000000, 0x000000008d100000|  0%| F|  |TAMS 0x000000008d000000, 0x000000008d000000| Untracked 
| 121|0x000000008d100000, 0x000000008d100000, 0x000000008d200000|  0%| F|  |TAMS 0x000000008d100000, 0x000000008d100000| Untracked 
| 122|0x000000008d200000, 0x000000008d2bf7e8, 0x000000008d300000| 74%| E|  |TAMS 0x000000008d200000, 0x000000008d200000| Complete 
| 123|0x000000008d300000, 0x000000008d400000, 0x000000008d400000|100%| E|CS|TAMS 0x000000008d300000, 0x000000008d300000| Complete 

Card table byte_map: [0x000001be41610000,0x000001be419f0000] _byte_map_base: 0x000001be411e4000

Marking Bits (Prev, Next): (CMBitMap*) 0x000001be2cd26b10, (CMBitMap*) 0x000001be2cd26b50
 Prev Bits: [0x000001be41dd0000, 0x000001be43c70000)
 Next Bits: [0x000001be43c70000, 0x000001be45b10000)

Polling page: 0x000001be2cd90000

Metaspace:

Usage:
  Non-class:      5.63 MB used.
      Class:    539.34 KB used.
       Both:      6.16 MB used.

Virtual space:
  Non-class space:        8.00 MB reserved,       5.69 MB ( 71%) committed,  1 nodes.
      Class space:        1.00 GB reserved,     576.00 KB ( <1%) committed,  1 nodes.
             Both:        1.01 GB reserved,       6.25 MB ( <1%) committed. 

Chunk freelists:
   Non-Class:  2.22 MB
       Class:  3.25 MB
        Both:  5.47 MB

MaxMetaspaceSize: unlimited
CompressedClassSpaceSize: 1.00 GB
Initial GC threshold: 21.00 MB
Current GC threshold: 21.00 MB
CDS: off
MetaspaceReclaimPolicy: balanced
 - commit_granule_bytes: 65536.
 - commit_granule_words: 8192.
 - virtual_space_node_default_size: 1048576.
 - enlarge_chunks_in_place: 1.
 - new_chunks_are_fully_committed: 0.
 - uncommit_free_chunks: 1.
 - use_allocation_guard: 0.
 - handle_deallocations: 1.


Internal statistics:

num_allocs_failed_limit: 0.
num_arena_births: 6.
num_arena_deaths: 0.
num_vsnodes_births: 2.
num_vsnodes_deaths: 0.
num_space_committed: 100.
num_space_uncommitted: 0.
num_chunks_returned_to_freelist: 0.
num_chunks_taken_from_freelist: 22.
num_chunk_merges: 0.
num_chunk_splits: 8.
num_chunks_enlarged: 3.
num_purges: 0.
num_inconsistent_stats: 0.

CodeHeap 'non-profiled nmethods': size=120000Kb used=42Kb max_used=42Kb free=119957Kb
 bounds [0x000001be396d0000, 0x000001be39940000, 0x000001be40c00000]
CodeHeap 'profiled nmethods': size=120000Kb used=235Kb max_used=235Kb free=119764Kb
 bounds [0x000001be31c00000, 0x000001be31e70000, 0x000001be39130000]
CodeHeap 'non-nmethods': size=5760Kb used=1103Kb max_used=1117Kb free=4656Kb
 bounds [0x000001be39130000, 0x000001be393a0000, 0x000001be396d0000]
 total_blobs=527 nmethods=160 adapters=278
 compilation: enabled
              stopped_count=0, restarted_count=0
 full_count=0

Compilation events (20 events):
Event: 0.201 Thread 0x000001be48c43610  124       3       java.util.TreeMap::put (221 bytes)
Event: 0.201 Thread 0x000001be48c43610 nmethod 124 0x000001be31c2ff90 code [0x000001be31c301e0, 0x000001be31c30dc8]
Event: 0.201 Thread 0x000001be48c43610  118       3       java.lang.CharacterData::of (136 bytes)
Event: 0.202 Thread 0x000001be48c43610 nmethod 118 0x000001be31c31110 code [0x000001be31c31340, 0x000001be31c31cd8]
Event: 0.202 Thread 0x000001be48c43610  119       3       java.lang.CharacterDataLatin1::toUpperCase (53 bytes)
Event: 0.202 Thread 0x000001be48c43610 nmethod 119 0x000001be31c31f10 code [0x000001be31c320c0, 0x000001be31c32358]
Event: 0.202 Thread 0x000001be48c43610  120       3       java.lang.Character::toUpperCase (6 bytes)
Event: 0.202 Thread 0x000001be48c43610 nmethod 120 0x000001be31c32490 code [0x000001be31c32640, 0x000001be31c32898]
Event: 0.202 Thread 0x000001be48c43610  121       3       java.lang.Character::toUpperCase (9 bytes)
Event: 0.202 Thread 0x000001be48c43610 nmethod 121 0x000001be31c32990 code [0x000001be31c32b40, 0x000001be31c32d38]
Event: 0.202 Thread 0x000001be48c43610  122       3       java.util.TreeMap::parentOf (13 bytes)
Event: 0.202 Thread 0x000001be48c43610 nmethod 122 0x000001be31c32e10 code [0x000001be31c32fa0, 0x000001be31c33118]
Event: 0.202 Thread 0x000001be48c43610  114       3       java.util.Arrays::copyOfRange (64 bytes)
Event: 0.202 Thread 0x000001be48c43610 nmethod 114 0x000001be31c33210 code [0x000001be31c33480, 0x000001be31c33d78]
Event: 0.202 Thread 0x000001be48c43610  115       3       java.lang.StringLatin1::newString (24 bytes)
Event: 0.203 Thread 0x000001be48c43610 nmethod 115 0x000001be31c34110 code [0x000001be31c342e0, 0x000001be31c34608]
Event: 0.203 Thread 0x000001be48c43610  125       1       java.util.HashMap$Node::getKey (5 bytes)
Event: 0.203 Thread 0x000001be48c43610 nmethod 125 0x000001be396d6210 code [0x000001be396d63a0, 0x000001be396d6478]
Event: 0.203 Thread 0x000001be48c43610  126       1       java.util.HashMap$Node::getValue (5 bytes)
Event: 0.203 Thread 0x000001be48c43610 nmethod 126 0x000001be396d6510 code [0x000001be396d66a0, 0x000001be396d6778]

GC Heap History (0 events):
No events

Dll operation events (1 events):
Event: 0.012 Loaded shared library C:\Users\prakh\AppData\Local\JetBrains\IntelliJ IDEA 2022.3.3\jbr\bin\java.dll

Deoptimization events (20 events):
Event: 0.180 Thread 0x000001be2ccce1e0 DEOPT PACKING pc=0x000001be31c1978c sp=0x000000445a6fa4e0
Event: 0.180 Thread 0x000001be2ccce1e0 DEOPT UNPACKING pc=0x000001be3918ace3 sp=0x000000445a6f9970 mode 0
Event: 0.180 Thread 0x000001be2ccce1e0 DEOPT PACKING pc=0x000001be31c1978c sp=0x000000445a6fa4e0
Event: 0.180 Thread 0x000001be2ccce1e0 DEOPT UNPACKING pc=0x000001be3918ace3 sp=0x000000445a6f9970 mode 0
Event: 0.180 Thread 0x000001be2ccce1e0 DEOPT PACKING pc=0x000001be31c1978c sp=0x000000445a6fa4e0
Event: 0.180 Thread 0x000001be2ccce1e0 DEOPT UNPACKING pc=0x000001be3918ace3 sp=0x000000445a6f9970 mode 0
Event: 0.180 Thread 0x000001be2ccce1e0 DEOPT PACKING pc=0x000001be31c1978c sp=0x000000445a6fa4e0
Event: 0.180 Thread 0x000001be2ccce1e0 DEOPT UNPACKING pc=0x000001be3918ace3 sp=0x000000445a6f9970 mode 0
Event: 0.180 Thread 0x000001be2ccce1e0 DEOPT PACKING pc=0x000001be31c1978c sp=0x000000445a6fa4e0
Event: 0.180 Thread 0x000001be2ccce1e0 DEOPT UNPACKING pc=0x000001be3918ace3 sp=0x000000445a6f9970 mode 0
Event: 0.180 Thread 0x000001be2ccce1e0 DEOPT PACKING pc=0x000001be31c1978c sp=0x000000445a6fa4e0
Event: 0.180 Thread 0x000001be2ccce1e0 DEOPT UNPACKING pc=0x000001be3918ace3 sp=0x000000445a6f9970 mode 0
Event: 0.181 Thread 0x000001be2ccce1e0 DEOPT PACKING pc=0x000001be31c1978c sp=0x000000445a6fa4e0
Event: 0.181 Thread 0x000001be2ccce1e0 DEOPT UNPACKING pc=0x000001be3918ace3 sp=0x000000445a6f9970 mode 0
Event: 0.181 Thread 0x000001be2ccce1e0 DEOPT PACKING pc=0x000001be31c1978c sp=0x000000445a6fa4e0
Event: 0.181 Thread 0x000001be2ccce1e0 DEOPT UNPACKING pc=0x000001be3918ace3 sp=0x000000445a6f9970 mode 0
Event: 0.183 Thread 0x000001be2ccce1e0 Uncommon trap: trap_request=0xffffff45 fr.pc=0x000001be396d4778 relative=0x0000000000000158
Event: 0.183 Thread 0x000001be2ccce1e0 Uncommon trap: reason=unstable_if action=reinterpret pc=0x000001be396d4778 method=java.util.zip.ZipFile$Source.isMetaName([BII)Z @ 3 c2
Event: 0.183 Thread 0x000001be2ccce1e0 DEOPT PACKING pc=0x000001be396d4778 sp=0x000000445a6fa610
Event: 0.183 Thread 0x000001be2ccce1e0 DEOPT UNPACKING pc=0x000001be3918a1a3 sp=0x000000445a6fa5b8 mode 2

Classes unloaded (0 events):
No events

Classes redefined (0 events):
No events

Internal exceptions (0 events):
No events

VM Operations (4 events):
Event: 0.200 Executing VM operation: HandshakeAllThreads
Event: 0.200 Executing VM operation: HandshakeAllThreads done
Event: 0.200 Executing VM operation: HandshakeAllThreads
Event: 0.200 Executing VM operation: HandshakeAllThreads done

Events (20 events):
Event: 0.208 loading class java/lang/invoke/MethodHandleImpl
Event: 0.208 loading class java/lang/invoke/MethodHandleImpl done
Event: 0.208 loading class java/lang/invoke/Invokers
Event: 0.209 loading class java/lang/invoke/Invokers done
Event: 0.209 loading class java/lang/invoke/LambdaForm$Kind
Event: 0.209 loading class java/lang/invoke/LambdaForm$Kind done
Event: 0.209 loading class java/lang/NoSuchMethodException
Event: 0.209 loading class java/lang/NoSuchMethodException done
Event: 0.209 loading class java/lang/invoke/LambdaForm$BasicType
Event: 0.209 loading class java/lang/invoke/LambdaForm$BasicType done
Event: 0.210 loading class java/lang/invoke/LambdaForm$Name
Event: 0.210 loading class java/lang/invoke/LambdaForm$Name done
Event: 0.210 loading class java/lang/invoke/LambdaForm$Holder
Event: 0.210 loading class java/lang/invoke/LambdaForm$Holder done
Event: 0.210 loading class java/lang/invoke/InvokerBytecodeGenerator
Event: 0.211 loading class java/lang/invoke/InvokerBytecodeGenerator done
Event: 0.211 loading class java/lang/invoke/InvokerBytecodeGenerator$2
Event: 0.211 loading class java/lang/invoke/InvokerBytecodeGenerator$2 done
Event: 0.211 loading class java/lang/invoke/MethodHandleImpl$Intrinsic
Event: 0.211 loading class java/lang/invoke/MethodHandleImpl$Intrinsic done


Dynamic libraries:
0x00007ff6d1c10000 - 0x00007ff6d1c1a000 	C:\Users\prakh\AppData\Local\JetBrains\IntelliJ IDEA 2022.3.3\jbr\bin\java.exe
0x00007ffb483f0000 - 0x00007ffb48607000 	C:\WINDOWS\SYSTEM32\ntdll.dll
0x00007ffb47890000 - 0x00007ffb47954000 	C:\WINDOWS\System32\KERNEL32.DLL
0x00007ffb45860000 - 0x00007ffb45c05000 	C:\WINDOWS\System32\KERNELBASE.dll
0x00007ffb45f90000 - 0x00007ffb460a1000 	C:\WINDOWS\System32\ucrtbase.dll
0x00007ffb1caa0000 - 0x00007ffb1cab7000 	C:\Users\prakh\AppData\Local\JetBrains\IntelliJ IDEA 2022.3.3\jbr\bin\jli.dll
0x00007ffb07650000 - 0x00007ffb0766b000 	C:\Users\prakh\AppData\Local\JetBrains\IntelliJ IDEA 2022.3.3\jbr\bin\VCRUNTIME140.dll
0x00007ffb47cf0000 - 0x00007ffb47e9e000 	C:\WINDOWS\System32\USER32.dll
0x00007ffb45c10000 - 0x00007ffb45c36000 	C:\WINDOWS\System32\win32u.dll
0x00007ffb2d980000 - 0x00007ffb2dc13000 	C:\WINDOWS\WinSxS\amd64_microsoft.windows.common-controls_6595b64144ccf1df_6.0.23555.1000_none_ef0d66527a998277\COMCTL32.dll
0x00007ffb46310000 - 0x00007ffb46339000 	C:\WINDOWS\System32\GDI32.dll
0x00007ffb47660000 - 0x00007ffb47707000 	C:\WINDOWS\System32\msvcrt.dll
0x00007ffb45e70000 - 0x00007ffb45f88000 	C:\WINDOWS\System32\gdi32full.dll
0x00007ffb460b0000 - 0x00007ffb4614a000 	C:\WINDOWS\System32\msvcp_win.dll
0x00007ffb47960000 - 0x00007ffb47991000 	C:\WINDOWS\System32\IMM32.DLL
0x00007ffb22640000 - 0x00007ffb2264c000 	C:\Users\prakh\AppData\Local\JetBrains\IntelliJ IDEA 2022.3.3\jbr\bin\vcruntime140_1.dll
0x00007ffaf8880000 - 0x00007ffaf890d000 	C:\Users\prakh\AppData\Local\JetBrains\IntelliJ IDEA 2022.3.3\jbr\bin\msvcp140.dll
0x00007ffadd740000 - 0x00007ffade3ad000 	C:\Users\prakh\AppData\Local\JetBrains\IntelliJ IDEA 2022.3.3\jbr\bin\server\jvm.dll
0x00007ffb47590000 - 0x00007ffb47640000 	C:\WINDOWS\System32\ADVAPI32.dll
0x00007ffb48270000 - 0x00007ffb48316000 	C:\WINDOWS\System32\sechost.dll
0x00007ffb47ae0000 - 0x00007ffb47bf7000 	C:\WINDOWS\System32\RPCRT4.dll
0x00007ffb3a910000 - 0x00007ffb3a944000 	C:\WINDOWS\SYSTEM32\WINMM.dll
0x00007ffac9b70000 - 0x00007ffac9b79000 	C:\WINDOWS\SYSTEM32\WSOCK32.dll
0x00007ffb47c60000 - 0x00007ffb47cd1000 	C:\WINDOWS\System32\WS2_32.dll
0x00007ffb38320000 - 0x00007ffb3832a000 	C:\WINDOWS\SYSTEM32\VERSION.dll
0x00007ffb44820000 - 0x00007ffb44838000 	C:\WINDOWS\SYSTEM32\kernel.appcore.dll
0x00007ffb408b0000 - 0x00007ffb408ba000 	C:\Users\prakh\AppData\Local\JetBrains\IntelliJ IDEA 2022.3.3\jbr\bin\jimage.dll
0x00007ffb43000000 - 0x00007ffb4322e000 	C:\WINDOWS\SYSTEM32\DBGHELP.DLL
0x00007ffb46340000 - 0x00007ffb466ca000 	C:\WINDOWS\System32\combase.dll
0x00007ffb479a0000 - 0x00007ffb47a77000 	C:\WINDOWS\System32\OLEAUT32.dll
0x00007ffb240e0000 - 0x00007ffb24112000 	C:\WINDOWS\SYSTEM32\dbgcore.DLL
0x00007ffb457e0000 - 0x00007ffb4585a000 	C:\WINDOWS\System32\bcryptPrimitives.dll
0x00007ffb1cc00000 - 0x00007ffb1cc25000 	C:\Users\prakh\AppData\Local\JetBrains\IntelliJ IDEA 2022.3.3\jbr\bin\java.dll
0x00007ffb27180000 - 0x00007ffb27198000 	C:\Users\prakh\AppData\Local\JetBrains\IntelliJ IDEA 2022.3.3\jbr\bin\zip.dll
0x00007ffb466d0000 - 0x00007ffb46f23000 	C:\WINDOWS\System32\SHELL32.dll
0x00007ffb43690000 - 0x00007ffb43f9f000 	C:\WINDOWS\SYSTEM32\windows.storage.dll
0x00007ffb43550000 - 0x00007ffb4368e000 	C:\WINDOWS\SYSTEM32\wintypes.dll
0x00007ffb47f50000 - 0x00007ffb48043000 	C:\WINDOWS\System32\SHCORE.dll
0x00007ffb46f30000 - 0x00007ffb46f8e000 	C:\WINDOWS\System32\shlwapi.dll
0x00007ffb456a0000 - 0x00007ffb456c6000 	C:\WINDOWS\SYSTEM32\profapi.dll
0x00007ffb1cae0000 - 0x00007ffb1caf9000 	C:\Users\prakh\AppData\Local\JetBrains\IntelliJ IDEA 2022.3.3\jbr\bin\net.dll
0x00007ffb3df00000 - 0x00007ffb3e037000 	C:\WINDOWS\SYSTEM32\WINHTTP.dll
0x00007ffb44d20000 - 0x00007ffb44d89000 	C:\WINDOWS\system32\mswsock.dll
0x00007ffb1cac0000 - 0x00007ffb1cad6000 	C:\Users\prakh\AppData\Local\JetBrains\IntelliJ IDEA 2022.3.3\jbr\bin\nio.dll
0x00007ffb2d7c0000 - 0x00007ffb2d7d0000 	C:\Users\prakh\AppData\Local\JetBrains\IntelliJ IDEA 2022.3.3\jbr\bin\verify.dll

dbghelp: loaded successfully - version: 4.0.5 - missing functions: none
symbol engine: initialized successfully - sym options: 0x614 - pdb path: .;C:\Users\prakh\AppData\Local\JetBrains\IntelliJ IDEA 2022.3.3\jbr\bin;C:\WINDOWS\SYSTEM32;C:\WINDOWS\WinSxS\amd64_microsoft.windows.common-controls_6595b64144ccf1df_6.0.23555.1000_none_ef0d66527a998277;C:\Users\prakh\AppData\Local\JetBrains\IntelliJ IDEA 2022.3.3\jbr\bin\server

VM Arguments:
java_command: git4idea.http.GitAskPassApp Password for 'https://princeprakhar@github.com': 
java_class_path (initial): C:/Users/prakh/AppData/Local/JetBrains/IntelliJ IDEA 2022.3.3/plugins/vcs-git/lib/git4idea-rt.jar;C:/Users/prakh/AppData/Local/JetBrains/IntelliJ IDEA 2022.3.3/lib/externalProcess-rt.jar;C:/Users/prakh/AppData/Local/JetBrains/IntelliJ IDEA 2022.3.3/lib/app.jar;C:/Users/prakh/AppData/Local/JetBrains/IntelliJ IDEA 2022.3.3/lib/3rd-party-rt.jar
Launcher Type: SUN_STANDARD

[Global flags]
     intx CICompilerCount                          = 3                                         {product} {ergonomic}
     uint ConcGCThreads                            = 1                                         {product} {ergonomic}
     uint G1ConcRefinementThreads                  = 4                                         {product} {ergonomic}
   size_t G1HeapRegionSize                         = 1048576                                   {product} {ergonomic}
    uintx GCDrainStackTargetSize                   = 64                                        {product} {ergonomic}
   size_t InitialHeapSize                          = 130023424                                 {product} {ergonomic}
   size_t MarkStackSize                            = 4194304                                   {product} {ergonomic}
   size_t MaxHeapSize                              = 2055208960                                {product} {ergonomic}
   size_t MaxNewSize                               = 1233125376                                {product} {ergonomic}
   size_t MinHeapDeltaBytes                        = 1048576                                   {product} {ergonomic}
   size_t MinHeapSize                              = 8388608                                   {product} {ergonomic}
    uintx NonNMethodCodeHeapSize                   = 5832780                                {pd product} {ergonomic}
    uintx NonProfiledCodeHeapSize                  = 122912730                              {pd product} {ergonomic}
    uintx ProfiledCodeHeapSize                     = 122912730                              {pd product} {ergonomic}
    uintx ReservedCodeCacheSize                    = 251658240                              {pd product} {ergonomic}
     bool SegmentedCodeCache                       = true                                      {product} {ergonomic}
   size_t SoftMaxHeapSize                          = 2055208960                             {manageable} {ergonomic}
     bool UseCompressedClassPointers               = true                           {product lp64_product} {ergonomic}
     bool UseCompressedOops                        = true                           {product lp64_product} {ergonomic}
     bool UseG1GC                                  = true                                      {product} {ergonomic}
     bool UseLargePagesIndividualAllocation        = false                                  {pd product} {ergonomic}

Logging:
Log output configuration:
 #0: stdout all=warning uptime,level,tags
 #1: stderr all=off uptime,level,tags

Environment Variables:
JAVA_HOME=C:\Program Files\Java\jdk-18.0.2
PATH=C:\Program Files\Git\mingw64\libexec\git-core;C:\Program Files\Git\mingw64\libexec\git-core;C:\Program Files\Git\mingw64\bin;C:\Program Files\Git\usr\bin;C:\Users\prakh\bin;C:\Python311\Scripts;C:\Python311;C:\Program Files\Common Files\Oracle\Java\javapath;C:\Program Files (x86)\Common Files\Oracle\Java\javapath;C:\WINDOWS\system32;C:\WINDOWS;C:\WINDOWS\System32\Wbem;C:\WINDOWS\System32\WindowsPowerShell\v1.0;C:\WINDOWS\System32\OpenSSH;C:\Program Files\Java\jdk-18.0.2\bin;C:\Program Files\dotnet;C:\Program Files\Git\cmd;C:\Program Files\nodejs;C:\ProgramData\chocolatey\bin;C:\MinGW\bin;C:\Program Files\Docker\Docker\resources\bin;C:\Users\prakh\anaconda3\anaconda_soft_computing;C:\Users\prakh\anaconda3\anaconda_soft_computing\Library\mingw-w64\bin;C:\Users\prakh\anaconda3\anaconda_soft_computing\Library\usr\bin;C:\Users\prakh\anaconda3\anaconda_soft_computing\Library\bin;C:\Users\prakh\anaconda3\anaconda_soft_computing\Scripts;C:\Users\prakh\anaconda3;C:\Users\prakh\anaconda3\Library\mingw-w64\bin;C:\Users\prakh\anaconda3\Library\usr\bin;C:\Users\prakh\anaconda3\Library\bin;C:\Users\prakh\anaconda3\Scripts;C:\Program Files\MySQL\MySQL Shell 8.0\bin;C:\Users\prakh\AppData\Local\Programs\Python\Python310\Scripts;C:\Users\prakh\AppData\Local\Programs\Python\Python310;C:\Users\prakh\AppData\Local\Programs\Python\Python39\Scripts;C:\Users\prakh\AppData\Local\Programs\Python\Python39;C:\Users\prakh\AppData\Local\Microsoft\WindowsApps;C:\Program Files\JetBrains\PyCharm Community Edition 2021.2.1\bin;C:\Users\prakh\AppData\Local\GitHubDesktop\bin;C:\Users\prakh\AppData\Local\JetBrains\IntelliJ IDEA 2022.3.3\bin;C:\Program Files\JetBrains\PyCharm 2022.3.3\bin;C:\Program Files\JetBrains\CLion 2022.3.3\bin;C:\Program Files\JetBrains\DataSpell 2022.3.3\bin;C:\Users\prakh\AppData\Local\Programs\Microsoft VS Code\bin;C:\Users\prakh\AppData\Roaming\npm;C:\MinGW\bin
USERNAME=prakh
DISPLAY=:0.0
LC_ALL=en_US.UTF-8
TERM=xterm-256color
TMPDIR=C:\Users\prakh\AppData\Local\Temp
OS=Windows_NT
PROCESSOR_IDENTIFIER=Intel64 Family 6 Model 140 Stepping 1, GenuineIntel
TMP=C:\Users\prakh\AppData\Local\Temp
TEMP=C:\Users\prakh\AppData\Local\Temp



---------------  S Y S T E M  ---------------

OS:
 Windows 11 , 64 bit Build 23555 (10.0.23555.1000)
OS uptime: 1 days 21:54 hours
Hyper-V role detected

CPU: total 4 (initial active 4) (2 cores per cpu, 2 threads per core) family 6 model 140 stepping 1 microcode 0xaa, cx8, cmov, fxsr, ht, mmx, 3dnowpref, sse, sse2, sse3, ssse3, sse4.1, sse4.2, popcnt, lzcnt, tsc, tscinvbit, avx, avx2, aes, erms, clmul, bmi1, bmi2, adx, avx512f, avx512dq, avx512cd, avx512bw, avx512vl, sha, fma, vzeroupper, avx512_vpopcntdq, avx512_vpclmulqdq, avx512_vaes, avx512_vnni, clflush, clflushopt, clwb, avx512_vbmi2, avx512_vbmi, hv

Memory: 4k page, system-wide physical 7834M (498M free)
TotalPageFile size 11892M (AvailPageFile size 1M)
current process WorkingSet (physical memory assigned to process): 51M, peak: 51M
current process commit charge ("private bytes"): 194M, peak: 194M

vm_info: OpenJDK 64-Bit Server VM (17.0.6+1-b653.34) for windows-amd64 JRE (17.0.6+1-b653.34), built on 2023-02-24 by "builduser" with MS VC++ 16.10 / 16.11 (VS2019)

END.
